0 info it worked if it ends with ok
1 verbose cli [ 'C:\\Program Files\\nodejs\\node.exe',
1 verbose cli   'C:\\Users\\jlikness\\AppData\\Roaming\\npm\\node_modules\\npm\\bin\\npm-cli.js',
1 verbose cli   'start' ]
2 info using npm@3.10.5
3 info using node@v6.9.4
4 verbose run-script [ 'prestart', 'start', 'poststart' ]
5 info lifecycle bifurcation@0.0.1~prestart: bifurcation@0.0.1
6 silly lifecycle bifurcation@0.0.1~prestart: no script for prestart, continuing
7 info lifecycle bifurcation@0.0.1~start: bifurcation@0.0.1
8 verbose lifecycle bifurcation@0.0.1~start: unsafe-perm in lifecycle true
9 verbose lifecycle bifurcation@0.0.1~start: PATH: C:\Users\jlikness\AppData\Roaming\npm\node_modules\npm\bin\node-gyp-bin;C:\Users\jlikness\Documents\GitHub\ng2ts-workshop-v2\55-Docker\bifurcation\node_modules\.bin;C:\Program Files\nodejs;C:\Program Files\Docker\Docker\Resources\bin;C:\Program Files\Microsoft MPI\Bin\;C:\ProgramData\Oracle\Java\javapath;C:\WINDOWS\system32;C:\WINDOWS;C:\WINDOWS\System32\Wbem;C:\WINDOWS\System32\WindowsPowerShell\v1.0\;C:\Program Files\Microsoft SQL Server\120\Tools\Binn\;C:\Program Files\Microsoft SQL Server\130\Tools\Binn\;C:\Program Files (x86)\Microsoft SQL Server\130\Tools\Binn\;C:\Program Files (x86)\Microsoft SQL Server\130\DTS\Binn\;C:\Program Files\Microsoft SQL Server\130\DTS\Binn\;C:\Program Files\Microsoft SQL Server\Client SDK\ODBC\130\Tools\Binn\;C:\Program Files (x86)\Microsoft SQL Server\Client SDK\ODBC\130\Tools\Binn\;C:\Program Files (x86)\Microsoft SQL Server\130\Tools\Binn\ManagementStudio\;C:\Program Files (x86)\Microsoft Team Foundation Server 2015 Power Tools\;C:\Program Files (x86)\Microsoft SDKs\Azure\CLI\wbin;C:\Program Files\dotnet\;C:\Program Files (x86)\Windows Kits\10\Windows Performance Toolkit\;C:\Program Files\Git\cmd;C:\Program Files\nodejs\;C:\Ruby23\bin;C:\Program Files (x86)\Microsoft VS Code\bin;C:\Users\jlikness\AppData\Local\Microsoft\WindowsApps;C:\Users\jlikness\AppData\Roaming\npm
10 verbose lifecycle bifurcation@0.0.1~start: CWD: C:\Users\jlikness\Documents\GitHub\ng2ts-workshop-v2\55-Docker\bifurcation
11 silly lifecycle bifurcation@0.0.1~start: Args: [ '/d /s /c', 'micro' ]
12 silly lifecycle bifurcation@0.0.1~start: Returned: code: 1  signal: null
13 info lifecycle bifurcation@0.0.1~start: Failed to exec start script
14 verbose stack Error: bifurcation@0.0.1 start: `micro`
14 verbose stack Exit status 1
14 verbose stack     at EventEmitter.<anonymous> (C:\Users\jlikness\AppData\Roaming\npm\node_modules\npm\lib\utils\lifecycle.js:242:16)
14 verbose stack     at emitTwo (events.js:106:13)
14 verbose stack     at EventEmitter.emit (events.js:191:7)
14 verbose stack     at ChildProcess.<anonymous> (C:\Users\jlikness\AppData\Roaming\npm\node_modules\npm\lib\utils\spawn.js:40:14)
14 verbose stack     at emitTwo (events.js:106:13)
14 verbose stack     at ChildProcess.emit (events.js:191:7)
14 verbose stack     at maybeClose (internal/child_process.js:877:16)
14 verbose stack     at Process.ChildProcess._handle.onexit (internal/child_process.js:226:5)
15 verbose pkgid bifurcation@0.0.1
16 verbose cwd C:\Users\jlikness\Documents\GitHub\ng2ts-workshop-v2\55-Docker\bifurcation
17 error Windows_NT 10.0.14393
18 error argv "C:\\Program Files\\nodejs\\node.exe" "C:\\Users\\jlikness\\AppData\\Roaming\\npm\\node_modules\\npm\\bin\\npm-cli.js" "start"
19 error node v6.9.4
20 error npm  v3.10.5
21 error code ELIFECYCLE
22 error bifurcation@0.0.1 start: `micro`
22 error Exit status 1
23 error Failed at the bifurcation@0.0.1 start script 'micro'.
23 error Make sure you have the latest version of node.js and npm installed.
23 error If you do, this is most likely a problem with the bifurcation package,
23 error not with npm itself.
23 error Tell the author that this fails on your system:
23 error     micro
23 error You can get information on how to open an issue for this project with:
23 error     npm bugs bifurcation
23 error Or if that isn't available, you can get their info via:
23 error     npm owner ls bifurcation
23 error There is likely additional logging output above.
24 verbose exit [ 1, true ]
